<?xml version="1.0" encoding="UTF-8"?>
<!-- Generated by org.testng.reporters.JUnitXMLReporter -->
<testsuite ignored="0" hostname="MSI" failures="0" tests="3" name="Test" time="0.122" errors="0" timestamp="2025-08-23T17:55:01 IST">
  <testcase classname="masterSeleniumFramework.masterSeleniumFramework.POM.Base.BaseTest" name="@BeforeMethod startDriver" time="-1.75595190119E9">
    <failure type="org.testng.TestNGException" message="
Parameter &amp;apos;browser&amp;apos; is required by BeforeMethod on method startDriver but has not been marked @Optional or defined
in D:\ApiFramework\masterSeleniumFramework\testng.xml">
      <![CDATA[org.testng.TestNGException: 
Parameter 'browser' is required by BeforeMethod on method startDriver but has not been marked @Optional or defined
in D:\ApiFramework\masterSeleniumFramework\testng.xml
at java.base/java.util.ArrayList.forEach(ArrayList.java:1511)
... Removed 28 stack frames]]>
    </failure>
  </testcase> <!-- @BeforeMethod startDriver -->
  <testcase classname="masterSeleniumFramework.masterSeleniumFramework.POM.Base.BaseTest" name="@AfterMethod closeDrier" time="0.0">
    <skipped/>
  </testcase> <!-- @AfterMethod closeDrier -->
  <testcase classname="masterSeleniumFramework.masterSeleniumFramework.POM.Base.BaseTest" name="@BeforeMethod startDriver" time="0.0">
    <skipped/>
  </testcase> <!-- @BeforeMethod startDriver -->
  <testcase classname="masterSeleniumFramework.masterSeleniumFramework.POM.Base.BaseTest" name="@AfterMethod closeDrier" time="0.0">
    <skipped/>
  </testcase> <!-- @AfterMethod closeDrier -->
  <testcase classname="masterSeleniumFramework.masterSeleniumFramework.POM.Base.BaseTest" name="@BeforeMethod startDriver" time="0.0">
    <skipped/>
  </testcase> <!-- @BeforeMethod startDriver -->
  <testcase classname="masterSeleniumFramework.masterSeleniumFramework.POM.Base.BaseTest" name="@AfterMethod closeDrier" time="0.0">
    <skipped/>
  </testcase> <!-- @AfterMethod closeDrier -->
  <testcase classname="masterSeleniumFramework.masterSeleniumFramework.firstTest" name="CheckoutwithDirectbanktransfer" time="0.0">
    <skipped/>
  </testcase> <!-- CheckoutwithDirectbanktransfer -->
  <testcase classname="masterSeleniumFramework.masterSeleniumFramework.firstTest" name="CheckoutwithCOD" time="0.0">
    <skipped/>
  </testcase> <!-- CheckoutwithCOD -->
  <testcase classname="masterSeleniumFramework.masterSeleniumFramework.firstTest" name="conformSearchFuncinility" time="0.0">
    <skipped/>
  </testcase> <!-- conformSearchFuncinility -->
</testsuite> <!-- Test -->
